d:\用户目录\documents\github\openquant\demo\quantbox.oq.demo.cli\debug\quantbox.oq.demo.cli.pch
d:\用户目录\documents\github\openquant\demo\quantbox.oq.demo.cli\debug\vc120.pdb
d:\用户目录\documents\github\openquant\demo\quantbox.oq.demo.cli\debug\stdafx.obj
d:\用户目录\documents\github\openquant\demo\quantbox.oq.demo.cli\debug\quantbox.oq.demo.cli.obj
d:\用户目录\documents\github\openquant\demo\quantbox.oq.demo.cli\debug\assemblyinfo.obj
d:\用户目录\documents\github\openquant\demo\quantbox.oq.demo.cli\debug\.netframework,version=v4.5.assemblyattributes.obj
c:\program files (x86)\smartquant ltd\openquant\bin\quantbox.oq.demo.cli.dll
c:\program files (x86)\smartquant ltd\openquant\bin\quantbox.oq.demo.cli.pdb
c:\program files (x86)\smartquant ltd\openquant\bin\openquant.api.dll
c:\program files (x86)\smartquant ltd\openquant\bin\smartquant.providers.dll
c:\program files (x86)\smartquant ltd\openquant\bin\smartquant.instruments.dll
c:\program files (x86)\smartquant ltd\openquant\bin\openquant.objectmap.dll
c:\program files (x86)\smartquant ltd\openquant\bin\smartquant.charting.dll
c:\program files (x86)\smartquant ltd\openquant\bin\smartquant.series.dll
c:\program files (x86)\smartquant ltd\openquant\bin\smartquant.execution.dll
c:\program files (x86)\smartquant ltd\openquant\bin\smartquant.data.dll
c:\program files (x86)\smartquant ltd\openquant\bin\smartquant.fix.dll
c:\program files (x86)\smartquant ltd\openquant\bin\smartquant.quant.dll
c:\program files (x86)\smartquant ltd\openquant\bin\smartquant.dll
c:\program files (x86)\smartquant ltd\openquant\bin\openquant.config.dll
c:\program files (x86)\smartquant ltd\openquant\bin\smartquant.fixdata.dll
c:\program files (x86)\smartquant ltd\openquant\bin\smartquant.file.dll
c:\program files (x86)\smartquant ltd\openquant\bin\smartquant.services.dll
c:\program files (x86)\smartquant ltd\openquant\bin\sharpziplib.dll
c:\program files (x86)\smartquant ltd\openquant\bin\smartquant.xml.dll
d:\用户目录\documents\github\openquant\demo\quantbox.oq.demo.cli\debug\app.res
d:\用户目录\documents\github\openquant\demo\quantbox.oq.demo.cli\debug\quantbox.oq.demo.cli.vcxprojresolveassemblyreference.cache
d:\用户目录\documents\github\openquant\demo\quantbox.oq.demo.cli\debug\quantbox.12bb57a6.tlog\cl.command.1.tlog
d:\用户目录\documents\github\openquant\demo\quantbox.oq.demo.cli\debug\quantbox.12bb57a6.tlog\cl.read.1.tlog
d:\用户目录\documents\github\openquant\demo\quantbox.oq.demo.cli\debug\quantbox.12bb57a6.tlog\cl.write.1.tlog
d:\用户目录\documents\github\openquant\demo\quantbox.oq.demo.cli\debug\quantbox.12bb57a6.tlog\link.command.1.tlog
d:\用户目录\documents\github\openquant\demo\quantbox.oq.demo.cli\debug\quantbox.12bb57a6.tlog\link.read.1.tlog
d:\用户目录\documents\github\openquant\demo\quantbox.oq.demo.cli\debug\quantbox.12bb57a6.tlog\link.write.1.tlog
d:\用户目录\documents\github\openquant\demo\quantbox.oq.demo.cli\debug\quantbox.12bb57a6.tlog\metagen.read.1.tlog
d:\用户目录\documents\github\openquant\demo\quantbox.oq.demo.cli\debug\quantbox.12bb57a6.tlog\metagen.write.1.tlog
d:\用户目录\documents\github\openquant\demo\quantbox.oq.demo.cli\debug\quantbox.12bb57a6.tlog\quantbox.oq.demo.cli.write.1u.tlog
d:\用户目录\documents\github\openquant\demo\quantbox.oq.demo.cli\debug\quantbox.12bb57a6.tlog\rc.command.1.tlog
d:\用户目录\documents\github\openquant\demo\quantbox.oq.demo.cli\debug\quantbox.12bb57a6.tlog\rc.read.1.tlog
d:\用户目录\documents\github\openquant\demo\quantbox.oq.demo.cli\debug\quantbox.12bb57a6.tlog\rc.write.1.tlog
d:\用户目录\documents\github\openquant\demo\quantbox.oq.demo.cli\debug\quantbox.12bb57a6.tlog\rsaenh.dll.bi
d:\用户目录\documents\github\openquant\demo\quantbox.oq.demo.cli\debug\quantbox.12bb57a6.tlog\tzres.dll.bi
